<?xml version="1.0" encoding="UTF-8"?>
<!-- Generated by org.testng.reporters.JUnitXMLReporter -->
<testsuite ignored="1" hostname="TYSS-Priyatharsan_D" failures="0" tests="1" name="Default test" time="38.505" errors="0" timestamp="2025-02-06T13:37:44 IST">
  <testcase classname="com.testng.extendReport.ReportGeneration" name="searchCourseTest" time="38.467"/>
  <testcase classname="com.testng.extendReport.ReportGeneration" name="homePageTest" time="0.0">
    <ignored/>
  </testcase> <!-- homePageTest -->
</testsuite> <!-- Default test -->
