<?xml version="1.0" encoding="UTF-8"?>
<!-- Generated by org.testng.reporters.JUnitXMLReporter -->
<testsuite ignored="1" hostname="TYSS-Priyatharsan_D" failures="0" tests="1" name="Default test" time="0.652" errors="0" timestamp="2025-02-06T17:31:19 IST">
  <testcase classname="com.testng.batchExecution.OpenAmazonTest" name="readFile" time="0.61"/>
  <testcase classname="com.testng.batchExecution.OpenAmazonTest" name="test" time="0.0">
    <ignored/>
  </testcase> <!-- test -->
</testsuite> <!-- Default test -->
