<?xml version="1.0" encoding="UTF-8"?>
<!-- Generated by org.testng.reporters.JUnitXMLReporter -->
<testsuite ignored="0" hostname="TYSS-Priyatharsan_D" failures="0" tests="3" name="OpenTest" time="42.427" errors="0" timestamp="2025-02-05T12:39:49 IST">
  <testcase classname="com.testng.batchExecution.OpenRedbusTest" name="open" time="5.347"/>
  <testcase classname="com.testng.batchExecution.OpenBookMyShowTest" name="test" time="32.898"/>
  <testcase classname="com.testng.batchExecution.OpenAmazonTest" name="test" time="4.134"/>
</testsuite> <!-- OpenTest -->
