<?xml version="1.0" encoding="UTF-8"?>
<testng-results ignored="1" total="2" passed="1" failed="0" skipped="0">
  <reporter-output>
  </reporter-output>
  <suite started-at="2025-02-06T17:31:18 IST" name="Default suite" finished-at="2025-02-06T17:31:18 IST" duration-ms="652">
    <groups>
    </groups>
    <test started-at="2025-02-06T17:31:18 IST" name="Default test" finished-at="2025-02-06T17:31:18 IST" duration-ms="652">
      <class name="com.testng.batchExecution.OpenAmazonTest">
        <test-method signature="readFile()[pri:0, instance:com.testng.batchExecution.OpenAmazonTest@9597028]" started-at="2025-02-06T17:31:18 IST" name="readFile" finished-at="2025-02-06T17:31:18 IST" duration-ms="610" status="PASS">
          <reporter-output>
          </reporter-output>
        </test-method> <!-- readFile -->
      </class> <!-- com.testng.batchExecution.OpenAmazonTest -->
    </test> <!-- Default test -->
  </suite> <!-- Default suite -->
</testng-results>
