<?xml version="1.0" encoding="UTF-8"?>
<!-- Generated by org.testng.reporters.JUnitXMLReporter -->
<testsuite ignored="0" hostname="TYSS-Priyatharsan_D" failures="0" tests="3" name="Test1" time="0.055" errors="0" timestamp="2025-02-05T16:25:49 IST">
  <testcase classname="com.testng.ConfigurationAnnotation.SampleTest1" name="test1" time="0.007"/>
  <testcase classname="com.testng.ConfigurationAnnotation.SampleTest1" name="test2" time="0.002"/>
  <testcase classname="com.testng.ConfigurationAnnotation.SampleTest1" name="test3" time="0.001"/>
</testsuite> <!-- Test1 -->
