<?xml version="1.0" encoding="UTF-8"?>
<!-- Generated by org.testng.reporters.JUnitXMLReporter -->
<testsuite ignored="3" hostname="TYSS-Priyatharsan_D" failures="0" tests="1" name="Test" time="6.647" errors="0" timestamp="2025-02-05T13:10:53 IST">
  <testcase classname="com.testng.groupExecution.OpenAmazonTest" name="open" time="6.6"/>
  <testcase classname="com.testng.groupExecution.OpenBookMyShowTest" name="test" time="0.0">
    <ignored/>
  </testcase> <!-- test -->
  <testcase classname="com.testng.groupExecution.OpenAmazonTest" name="test" time="0.0">
    <ignored/>
  </testcase> <!-- test -->
  <testcase classname="com.testng.groupExecution.OpenRedbusTest" name="open" time="0.0">
    <ignored/>
  </testcase> <!-- open -->
</testsuite> <!-- Test -->
